  AppManager.cpp
C:\dev\bullet3-2.86.1\src\LinearMath\btIDebugDraw.h(169): warning C4305: 'argument': truncation from 'double' to 'const btScalar'
C:\dev\bullet3-2.86.1\src\LinearMath\btIDebugDraw.h(170): warning C4305: 'argument': truncation from 'double' to 'const btScalar'
C:\dev\bullet3-2.86.1\src\LinearMath\btIDebugDraw.h(171): warning C4305: 'argument': truncation from 'double' to 'const btScalar'
C:\dev\SteelEngine\SteelEngine\src\AppManager.cpp(154): warning C4305: 'argument': truncation from 'double' to 'const btScalar'
C:\dev\SteelEngine\SteelEngine\src\AppManager.cpp(224): warning C4244: 'argument': conversion from 'int' to 'T', possible loss of data
          with
          [
              T=irr::f32
          ]
C:\dev\SteelEngine\SteelEngine\src\AppManager.cpp(244): warning C4244: 'argument': conversion from 'irr::s32' to 'T', possible loss of data
          with
          [
              T=irr::f32
          ]
C:\dev\SteelEngine\SteelEngine\src\AppManager.cpp(245): warning C4244: 'argument': conversion from 'irr::s32' to 'T', possible loss of data
          with
          [
              T=irr::f32
          ]
C:\dev\SteelEngine\SteelEngine\src\AppManager.cpp(313): warning C4244: '=': conversion from 'float' to 'irr::s32', possible loss of data
C:\dev\SteelEngine\SteelEngine\src\AppManager.cpp(314): warning C4244: 'initializing': conversion from 'double' to 'int', possible loss of data
C:\dev\SteelEngine\SteelEngine\src\AppManager.cpp(332): warning C4018: '<': signed/unsigned mismatch
C:\dev\SteelEngine\SteelEngine\src\AppManager.cpp(336): warning C4018: '<': signed/unsigned mismatch
C:\dev\SteelEngine\SteelEngine\src\AppManager.cpp(340): warning C4244: 'initializing': conversion from 'double' to 'int', possible loss of data
C:\dev\SteelEngine\SteelEngine\src\AppManager.cpp(341): warning C4244: 'initializing': conversion from 'double' to 'int', possible loss of data
C:\dev\SteelEngine\SteelEngine\src\AppManager.cpp(344): warning C4244: 'argument': conversion from 'int' to 'T', possible loss of data
          with
          [
              T=irr::f32
          ]
C:\dev\SteelEngine\SteelEngine\src\AppManager.cpp(344): warning C4244: 'argument': conversion from 'double' to 'T', possible loss of data
          with
          [
              T=irr::f32
          ]
C:\dev\SteelEngine\SteelEngine\src\AppManager.cpp(348): warning C4244: 'argument': conversion from 'double' to 'T', possible loss of data
          with
          [
              T=irr::f32
          ]
C:\dev\SteelEngine\SteelEngine\src\AppManager.cpp(350): warning C4244: 'argument': conversion from 'double' to 'T', possible loss of data
          with
          [
              T=irr::f32
          ]
C:\dev\SteelEngine\SteelEngine\src\AppManager.cpp(411): warning C4244: 'argument': conversion from 'irr::s32' to 'T', possible loss of data
          with
          [
              T=irr::f32
          ]
C:\dev\SteelEngine\SteelEngine\src\AppManager.cpp(412): warning C4244: 'argument': conversion from 'irr::s32' to 'T', possible loss of data
          with
          [
              T=irr::f32
          ]
C:\dev\SteelEngine\SteelEngine\src\AppManager.cpp(436): warning C4244: '+=': conversion from 'double' to 'irr::s32', possible loss of data
C:\dev\SteelEngine\SteelEngine\src\AppManager.cpp(438): warning C4244: '-=': conversion from 'double' to 'irr::s32', possible loss of data
C:\dev\SteelEngine\SteelEngine\src\AppManager.cpp(440): warning C4244: '-=': conversion from 'double' to 'irr::s32', possible loss of data
C:\dev\SteelEngine\SteelEngine\src\AppManager.cpp(442): warning C4244: '+=': conversion from 'double' to 'irr::s32', possible loss of data
C:\dev\SteelEngine\SteelEngine\src\AppManager.cpp(463): warning C4244: '+=': conversion from 'double' to 'irr::s32', possible loss of data
C:\dev\SteelEngine\SteelEngine\src\AppManager.cpp(464): warning C4244: '+=': conversion from 'double' to 'irr::s32', possible loss of data
C:\dev\SteelEngine\SteelEngine\src\AppManager.cpp(469): warning C4244: '=': conversion from 'irr::s32' to 'T', possible loss of data
          with
          [
              T=irr::f32
          ]
C:\dev\SteelEngine\SteelEngine\src\AppManager.cpp(470): warning C4244: '=': conversion from 'irr::s32' to 'T', possible loss of data
          with
          [
              T=irr::f32
          ]
C:\dev\SteelEngine\SteelEngine\src\AppManager.cpp(617): warning C4244: 'argument': conversion from 'double' to 'btScalar', possible loss of data
C:\dev\SteelEngine\SteelEngine\src\AppManager.cpp(641): warning C4244: 'argument': conversion from 'double' to 'btScalar', possible loss of data
C:\dev\SteelEngine\SteelEngine\src\AppManager.cpp(642): warning C4244: 'argument': conversion from 'double' to 'btScalar', possible loss of data
C:\dev\SteelEngine\SteelEngine\src\AppManager.cpp(643): warning C4244: 'argument': conversion from 'double' to 'btScalar', possible loss of data
C:\dev\SteelEngine\SteelEngine\src\AppManager.cpp(673): warning C4018: '<': signed/unsigned mismatch
C:\dev\SteelEngine\SteelEngine\src\AppManager.cpp(756): warning C4305: 'argument': truncation from 'double' to 'btScalar'
  SteelEngine.vcxproj -> C:\dev\SteelEngine\Debug\SteelEngine.exe
