g:\dev\steelengine\steelengine\debug\main.obj
g:\dev\steelengine\steelengine\debug\appmanager.obj
g:\dev\steelengine\steelengine\debug\vc110.pdb
g:\dev\steelengine\debug\steelengine.ilk
g:\dev\steelengine\debug\steelengine.exe
g:\dev\steelengine\debug\steelengine.pdb
g:\dev\steelengine\steelengine\debug\vc120.pdb
g:\dev\steelengine\steelengine\debug\vc120.idb
g:\dev\steelengine\steelengine\debug\guistatemachine.obj
g:\dev\steelengine\steelengine\debug\peasantfactory.obj
g:\dev\steelengine\steelengine\debug\resource.obj
g:\dev\steelengine\steelengine\debug\resourcefactory.obj
g:\dev\steelengine\steelengine\debug\territory.obj
g:\dev\steelengine\steelengine\debug\territoryfactory.obj
g:\dev\steelengine\steelengine\debug\terraingenerator.obj
g:\dev\steelengine\steelengine\debug\gamemaster.obj
g:\dev\steelengine\steelengine\debug\terrain.obj
g:\dev\steelengine\steelengine\debug\terrainfactory.obj
g:\dev\steelengine\steelengine\debug\level.obj
g:\dev\steelengine\steelengine\debug\cl.command.1.tlog
g:\dev\steelengine\steelengine\debug\cl.read.1.tlog
g:\dev\steelengine\steelengine\debug\cl.write.1.tlog
g:\dev\steelengine\steelengine\debug\link-cvtres.read.1.tlog
g:\dev\steelengine\steelengine\debug\link-cvtres.write.1.tlog
g:\dev\steelengine\steelengine\debug\link-rc.read.1.tlog
g:\dev\steelengine\steelengine\debug\link-rc.write.1.tlog
g:\dev\steelengine\steelengine\debug\link.command.1.tlog
g:\dev\steelengine\steelengine\debug\link.read.1.tlog
g:\dev\steelengine\steelengine\debug\link.write.1.tlog
g:\dev\steelengine\steelengine\debug\vc110.idb
g:\dev\steelengine\steelengine\debug\steelengine.tlog\cl.command.1.tlog
g:\dev\steelengine\steelengine\debug\steelengine.tlog\cl.read.1.tlog
g:\dev\steelengine\steelengine\debug\steelengine.tlog\cl.write.1.tlog
g:\dev\steelengine\steelengine\debug\steelengine.tlog\link.command.1.tlog
g:\dev\steelengine\steelengine\debug\steelengine.tlog\link.read.1.tlog
g:\dev\steelengine\steelengine\debug\steelengine.tlog\link.write.1.tlog
